<?xml version="1.0" encoding="UTF-8"?>
<!-- Generated by org.testng.reporters.JUnitReportReporter -->
<testsuite skipped="0" hostname="LAPTOP-MESD7S9J" name="testRunner.HomePageTest2" tests="1" failures="0" timestamp="22 Aug 2019 21:16:00 GMT" time="15.583" errors="0">
  <testcase name="testLogOut" time="15.583" classname="testRunner.HomePageTest2"/>
</testsuite> <!-- testRunner.HomePageTest2 -->
